app/build/intermediates/manifest_merge_blame_file/debug/manifest-merger-blame-debug-report.txt
1<?xml version="1.0" encoding="utf-8"?>
2<manifest xmlns:android="http://schemas.android.com/apk/res/android"
3    package="com.project.laundryappui"
4    android:versionCode="1"
5    android:versionName="1.0" >
6
7    <uses-sdk
8        android:minSdkVersion="22"
8-->src\main\AndroidManifest.xml
9        android:targetSdkVersion="30" />
9-->src\main\AndroidManifest.xml
10
11    <uses-permission android:name="android.permission.INTERNET" />
11-->src\main\AndroidManifest.xml:5:5-66
11-->src\main\AndroidManifest.xml:5:22-64
12    <uses-permission android:name="android.permission.ACCESS_WIFI_STATE" />
12-->src\main\AndroidManifest.xml:6:5-75
12-->src\main\AndroidManifest.xml:6:22-73
13
14    <application
14-->src\main\AndroidManifest.xml:8:5-23:19
15        android:allowBackup="true"
15-->src\main\AndroidManifest.xml:9:9-35
16        android:appComponentFactory="androidx.core.app.CoreComponentFactory"
16-->[androidx.core:core:1.3.1] AndroidManifest.xml:24:18-86
17        android:debuggable="true"
18        android:icon="@drawable/ic_laundry"
18-->src\main\AndroidManifest.xml:10:9-44
19        android:label="@string/app_name"
19-->src\main\AndroidManifest.xml:11:9-41
20        android:roundIcon="@drawable/ic_laundry"
20-->src\main\AndroidManifest.xml:12:9-49
21        android:supportsRtl="true"
21-->src\main\AndroidManifest.xml:13:9-35
22        android:testOnly="true"
23        android:theme="@style/Theme.LaundryAppUI.NoActionBar" >
23-->src\main\AndroidManifest.xml:14:9-62
24        <activity android:name="com.project.navigation.menu.home.home_detail.HomeDetailActivity" />
24-->src\main\AndroidManifest.xml:15:9-100
24-->src\main\AndroidManifest.xml:15:19-97
25        <activity
25-->src\main\AndroidManifest.xml:16:9-22:20
26            android:name="com.project.navigation.MainActivity"
26-->src\main\AndroidManifest.xml:16:19-69
27            android:windowSoftInputMode="adjustPan" >
27-->src\main\AndroidManifest.xml:16:70-109
28            <intent-filter>
28-->src\main\AndroidManifest.xml:17:13-21:29
29                <action android:name="android.intent.action.MAIN" />
29-->src\main\AndroidManifest.xml:18:17-69
29-->src\main\AndroidManifest.xml:18:25-66
30
31                <category android:name="android.intent.category.LAUNCHER" />
31-->src\main\AndroidManifest.xml:20:17-77
31-->src\main\AndroidManifest.xml:20:27-74
32            </intent-filter>
33        </activity>
34    </application>
35
36</manifest>